<?xml version="1.0" encoding="UTF-8"?>
<!-- Generated by org.testng.reporters.JUnitXMLReporter -->
<testsuite hostname="DESKTOP-JF602DO" ignored="0" name="chromeTest" tests="2" failures="1" timestamp="06 Jul 2019 07:01:19 GMT" time="0.062" errors="0">
  <testcase name="tc02" time="0.028" classname="sprint1.Login"/>
  <testcase name="tc01" time="0.002" classname="sprint1.Login">
    <failure type="java.lang.AssertionError" message="expected [true] but found [false]">
      <![CDATA[java.lang.AssertionError: expected [true] but found [false]
	at sprint1.Login.tc01(Login.java:21)
... Removed 31 stack frames]]>
    </failure>
  </testcase> <!-- tc01 -->
</testsuite> <!-- chromeTest -->
