<?xml version="1.0" encoding="UTF-8"?>
<!-- Generated by org.testng.reporters.JUnitReportReporter -->
<testsuite skipped="0" hostname="LAPTOP-PBBD9CU0" name="cdigitsTC_UI.Login_Tests" tests="1" failures="0" timestamp="26 Aug 2019 11:08:26 GMT" time="0.134" errors="1">
  <testcase name="afterTestCompleted" time="0.134" classname="cdigitsTC_UI.Login_Tests">
    <error type="org.openqa.selenium.WebDriverException" message="An unknown server-side error occurred while processing the command. Original error: Could not proxy. Proxy error: Could not proxy command to remote server. Original error: 404 - undefined
Build info: version: &#039;3.141.59&#039;, revision: &#039;e82be7d358&#039;, time: &#039;2018-11-14T08:17:03&#039;
System info: host: &#039;LAPTOP-PBBD9CU0&#039;, ip: &#039;192.168.159.1&#039;, os.name: &#039;Windows 10&#039;, os.arch: &#039;amd64&#039;, os.version: &#039;10.0&#039;, java.version: &#039;1.8.0_211&#039;
Driver info: io.appium.java_client.android.AndroidDriver
Capabilities {appActivity: com.mavenir.ucc.ui.activity..., appPackage: com.mavenir.ucctest, automationName: uiautomator2, databaseEnabled: false, desired: {appActivity: com.mavenir.ucc.ui.activity..., appPackage: com.mavenir.ucctest, automationName: uiautomator2, deviceName: 4cbaa327, newCommandTimeout: 600, noReset: true, platformName: android, udid: 4cbaa327}, deviceApiLevel: 25, deviceManufacturer: samsung, deviceModel: SM-T355Y, deviceName: 4cbaa327, deviceScreenDensity: 160, deviceScreenSize: 768x1024, deviceUDID: 4cbaa327, javascriptEnabled: true, locationContextEnabled: false, networkConnectionEnabled: true, newCommandTimeout: 600, noReset: true, pixelRatio: 1, platform: LINUX, platformName: Android, platformVersion: 7.1.1, statBarHeight: 24, takesScreenshot: true, udid: 4cbaa327, viewportRect: {height: 1000, left: 0, top: 24, width: 768}, warnings: {}, webStorageEnabled: false}
Session ID: dda13e48-802a-487b-ac64-146fff7d3862">
      <![CDATA[org.openqa.selenium.WebDriverException: An unknown server-side error occurred while processing the command. Original error: Could not proxy. Proxy error: Could not proxy command to remote server. Original error: 404 - undefined
Build info: version: '3.141.59', revision: 'e82be7d358', time: '2018-11-14T08:17:03'
System info: host: 'LAPTOP-PBBD9CU0', ip: '192.168.159.1', os.name: 'Windows 10', os.arch: 'amd64', os.version: '10.0', java.version: '1.8.0_211'
Driver info: io.appium.java_client.android.AndroidDriver
Capabilities {appActivity: com.mavenir.ucc.ui.activity..., appPackage: com.mavenir.ucctest, automationName: uiautomator2, databaseEnabled: false, desired: {appActivity: com.mavenir.ucc.ui.activity..., appPackage: com.mavenir.ucctest, automationName: uiautomator2, deviceName: 4cbaa327, newCommandTimeout: 600, noReset: true, platformName: android, udid: 4cbaa327}, deviceApiLevel: 25, deviceManufacturer: samsung, deviceModel: SM-T355Y, deviceName: 4cbaa327, deviceScreenDensity: 160, deviceScreenSize: 768x1024, deviceUDID: 4cbaa327, javascriptEnabled: true, locationContextEnabled: false, networkConnectionEnabled: true, newCommandTimeout: 600, noReset: true, pixelRatio: 1, platform: LINUX, platformName: Android, platformVersion: 7.1.1, statBarHeight: 24, takesScreenshot: true, udid: 4cbaa327, viewportRect: {height: 1000, left: 0, top: 24, width: 768}, warnings: {}, webStorageEnabled: false}
Session ID: dda13e48-802a-487b-ac64-146fff7d3862
at sun.reflect.NativeConstructorAccessorImpl.newInstance0(Native Method)
at sun.reflect.NativeConstructorAccessorImpl.newInstance(NativeConstructorAccessorImpl.java:62)
at sun.reflect.DelegatingConstructorAccessorImpl.newInstance(DelegatingConstructorAccessorImpl.java:45)
at java.lang.reflect.Constructor.newInstance(Constructor.java:423)
at org.openqa.selenium.remote.http.W3CHttpResponseCodec.createException(W3CHttpResponseCodec.java:187)
at org.openqa.selenium.remote.http.W3CHttpResponseCodec.decode(W3CHttpResponseCodec.java:122)
at org.openqa.selenium.remote.http.W3CHttpResponseCodec.decode(W3CHttpResponseCodec.java:49)
at org.openqa.selenium.remote.HttpCommandExecutor.execute(HttpCommandExecutor.java:158)
at io.appium.java_client.remote.AppiumCommandExecutor.execute(AppiumCommandExecutor.java:239)
at org.openqa.selenium.remote.RemoteWebDriver.execute(RemoteWebDriver.java:552)
at io.appium.java_client.DefaultGenericMobileDriver.execute(DefaultGenericMobileDriver.java:46)
at io.appium.java_client.AppiumDriver.execute(AppiumDriver.java:1)
at io.appium.java_client.android.AndroidDriver.execute(AndroidDriver.java:1)
at org.openqa.selenium.remote.RemoteWebDriver.close(RemoteWebDriver.java:442)
at cdigitsTC_UI.Login_Tests.afterTestCompleted(Login_Tests.java:374)
at sun.reflect.NativeMethodAccessorImpl.invoke0(Native Method)
at sun.reflect.NativeMethodAccessorImpl.invoke(NativeMethodAccessorImpl.java:62)
at sun.reflect.DelegatingMethodAccessorImpl.invoke(DelegatingMethodAccessorImpl.java:43)
at java.lang.reflect.Method.invoke(Method.java:498)
at org.testng.internal.MethodInvocationHelper.invokeMethod(MethodInvocationHelper.java:124)
at org.testng.internal.MethodInvocationHelper.invokeMethodConsideringTimeout(MethodInvocationHelper.java:59)
at org.testng.internal.Invoker.invokeConfigurationMethod(Invoker.java:458)
at org.testng.internal.Invoker.invokeConfigurations(Invoker.java:222)
at org.testng.internal.Invoker.invokeConfigurations(Invoker.java:142)
at org.testng.TestRunner.afterRun(TestRunner.java:725)
at org.testng.TestRunner.run(TestRunner.java:509)
at org.testng.SuiteRunner.runTest(SuiteRunner.java:455)
at org.testng.SuiteRunner.runSequentially(SuiteRunner.java:450)
at org.testng.SuiteRunner.privateRun(SuiteRunner.java:415)
at org.testng.SuiteRunner.run(SuiteRunner.java:364)
at org.testng.SuiteRunnerWorker.runSuite(SuiteRunnerWorker.java:52)
at org.testng.SuiteRunnerWorker.run(SuiteRunnerWorker.java:84)
at org.testng.TestNG.runSuitesSequentially(TestNG.java:1208)
at org.testng.TestNG.runSuitesLocally(TestNG.java:1137)
at org.testng.TestNG.runSuites(TestNG.java:1049)
at org.testng.TestNG.run(TestNG.java:1017)
at org.testng.remote.AbstractRemoteTestNG.run(AbstractRemoteTestNG.java:115)
at org.testng.remote.RemoteTestNG.initAndRun(RemoteTestNG.java:251)
at org.testng.remote.RemoteTestNG.main(RemoteTestNG.java:77)
]]>
    </error>
  </testcase> <!-- afterTestCompleted -->
</testsuite> <!-- cdigitsTC_UI.Login_Tests -->
